<?xml version="1.0" encoding="UTF-8"?>
<!-- Generated by org.testng.reporters.JUnitXMLReporter -->
<testsuite hostname="Sandeep" name="Test" tests="1" failures="1" timestamp="28 Feb 2022 06:11:02 GMT" time="26.046" errors="0">
  <testcase name="test" time="6.742" classname="testScripts.TestScriptLogin">
    <failure type="java.lang.AssertionError" message="null">
      <![CDATA[java.lang.AssertionError: null
	at testScripts.TestScriptLogin.test(TestScriptLogin.java:25)
... Removed 26 stack frames]]>
    </failure>
  </testcase> <!-- test -->
</testsuite> <!-- Test -->
